Loading required package: bit

Attaching package: 'bit'

The following object is masked from 'package:data.table':

    setattr

The following object is masked from 'package:base':

    xor

Attaching package bit64
package:bit64 (c) 2011-2017 Jens Oehlschlaegel
creators: integer64 runif64 seq :
coercion: as.integer64 as.vector as.logical as.integer as.double as.character as.bitstring
logical operator: ! & | xor != == < <= >= >
arithmetic operator: + - * / %/% %% ^
math: sign abs sqrt log log2 log10
math: floor ceiling trunc round
querying: is.integer64 is.vector [is.atomic} [length] format print str
values: is.na is.nan is.finite is.infinite
aggregation: any all min max range sum prod
cumulation: diff cummin cummax cumsum cumprod
access: length<- [ [<- [[ [[<-
combine: c rep cbind rbind as.data.frame
WARNING don't use as subscripts
WARNING semantics differ from integer
for more help type ?bit64

Attaching package: 'bit64'

The following object is masked from 'package:utils':

    hashtab

The following objects are masked from 'package:base':

    %in%, :, is.double, match, order, rank

INFO [2024-03-15 16:04:02] Read data ...
INFO [2024-03-15 16:04:03] Extracting unique ids ...
INFO [2024-03-15 16:04:03] Saving ids ...
INFO [2024-03-15 16:04:03] DONE!
R version 4.3.1 (2023-06-16)
Platform: x86_64-pc-linux-gnu (64-bit)
Running under: Ubuntu 22.04.1 LTS

Matrix products: default
BLAS:   /usr/lib/x86_64-linux-gnu/blas/libblas.so.3.10.0 
LAPACK: /usr/lib/x86_64-linux-gnu/lapack/liblapack.so.3.10.0

locale:
[1] C

time zone: America/New_York
tzcode source: system (glibc)

attached base packages:
[1] stats     graphics  grDevices utils     datasets  methods   base     

other attached packages:
[1] bit64_4.0.5       bit_4.0.5         data.table_1.14.8

loaded via a namespace (and not attached):
[1] compiler_4.3.1 logger_0.2.2   glue_1.6.2    
