Loading required package: bit

Attaching package: 'bit'

The following object is masked from 'package:data.table':

    setattr

The following object is masked from 'package:base':

    xor

Attaching package bit64
package:bit64 (c) 2011-2017 Jens Oehlschlaegel
creators: integer64 runif64 seq :
coercion: as.integer64 as.vector as.logical as.integer as.double as.character as.bitstring
logical operator: ! & | xor != == < <= >= >
arithmetic operator: + - * / %/% %% ^
math: sign abs sqrt log log2 log10
math: floor ceiling trunc round
querying: is.integer64 is.vector [is.atomic} [length] format print str
values: is.na is.nan is.finite is.infinite
aggregation: any all min max range sum prod
cumulation: diff cummin cummax cumsum cumprod
access: length<- [ [<- [[ [[<-
combine: c rep cbind rbind as.data.frame
WARNING don't use as subscripts
WARNING semantics differ from integer
for more help type ?bit64

Attaching package: 'bit64'

The following object is masked from 'package:utils':

    hashtab

The following objects are masked from 'package:base':

    %in%, :, is.double, match, order, rank

INFO [2024-03-15 16:04:05] Read data ...
INFO [2024-03-15 16:04:05] Working on year-month 2015m1 ...
INFO [2024-03-15 16:04:08] Working on year-month 2015m10 ...
INFO [2024-03-15 16:04:15] Working on year-month 2015m11 ...
INFO [2024-03-15 16:04:22] Working on year-month 2015m12 ...
INFO [2024-03-15 16:04:28] Working on year-month 2015m2 ...
INFO [2024-03-15 16:04:32] Working on year-month 2015m3 ...
INFO [2024-03-15 16:04:38] Working on year-month 2015m4 ...
INFO [2024-03-15 16:04:44] Working on year-month 2015m5 ...
INFO [2024-03-15 16:04:50] Working on year-month 2015m6 ...
INFO [2024-03-15 16:04:56] Working on year-month 2015m7 ...
INFO [2024-03-15 16:05:03] Working on year-month 2015m8 ...
INFO [2024-03-15 16:05:08] Working on year-month 2015m9 ...
INFO [2024-03-15 16:05:14] Working on year-month 2016m1 ...
INFO [2024-03-15 16:05:20] Working on year-month 2016m10 ...
INFO [2024-03-15 16:05:25] Working on year-month 2016m11 ...
INFO [2024-03-15 16:05:31] Working on year-month 2016m12 ...
INFO [2024-03-15 16:05:36] Working on year-month 2016m2 ...
INFO [2024-03-15 16:05:42] Working on year-month 2016m3 ...
INFO [2024-03-15 16:05:48] Working on year-month 2016m4 ...
INFO [2024-03-15 16:05:54] Working on year-month 2016m5 ...
INFO [2024-03-15 16:05:59] Working on year-month 2016m6 ...
INFO [2024-03-15 16:06:05] Working on year-month 2016m7 ...
INFO [2024-03-15 16:06:11] Working on year-month 2016m8 ...
INFO [2024-03-15 16:06:17] Working on year-month 2016m9 ...
INFO [2024-03-15 16:06:23] Working on year-month 2017m1 ...
INFO [2024-03-15 16:06:29] Working on year-month 2017m2 ...
INFO [2024-03-15 16:06:35] Saving ideology measures ...
INFO [2024-03-15 16:06:35] DONE!
R version 4.3.1 (2023-06-16)
Platform: x86_64-pc-linux-gnu (64-bit)
Running under: Ubuntu 22.04.1 LTS

Matrix products: default
BLAS:   /usr/lib/x86_64-linux-gnu/blas/libblas.so.3.10.0 
LAPACK: /usr/lib/x86_64-linux-gnu/lapack/liblapack.so.3.10.0

locale:
[1] C

time zone: America/New_York
tzcode source: system (glibc)

attached base packages:
[1] stats     graphics  grDevices utils     datasets  methods   base     

other attached packages:
[1] fstcore_0.9.14    fst_0.9.8         bit64_4.0.5       bit_4.0.5        
[5] data.table_1.14.8

loaded via a namespace (and not attached):
[1] compiler_4.3.1 logger_0.2.2   parallel_4.3.1 glue_1.6.2     Rcpp_1.0.11   
